<?xml version="1.0" encoding="UTF-8"?>
<!-- Generated by org.testng.reporters.JUnitReportReporter -->
<testsuite hostname="DESKTOP-G61C56A" failures="0" tests="1" name="reports.extentreports.reports" time="3.206" errors="0" timestamp="2025-06-01T13:47:40 IST" skipped="0">
  <testcase classname="reports.extentreports.reports" name="demo" time="3.206"/>
</testsuite> <!-- reports.extentreports.reports -->
